<?xml version="1.0" encoding="UTF-8"?>
<!-- Generated by org.testng.reporters.JUnitXMLReporter -->
<testsuite ignored="0" hostname="ofc-02696-m" failures="0" tests="2" name="RegressionTest" time="14.238" errors="0" timestamp="2021-12-02T00:54:58 CET">
  <testcase classname="regression.LoginLogoutTC" name="initiatecap" time="14.195"/>
  <testcase classname="regression.LoginLogoutTC" name="LoginOnboardingLogoutTC" time="0.0">
    <skipped/>
  </testcase> <!-- LoginOnboardingLogoutTC -->
</testsuite> <!-- RegressionTest -->
