<?xml version="1.0" encoding="UTF-8"?>
<!-- Generated by org.testng.reporters.JUnitXMLReporter -->
<testsuite ignored="0" hostname="ofc-02696-m" failures="0" tests="6" name="Test" time="215.105" errors="0" timestamp="2021-11-30T17:20:25 CET">
  <testcase classname="regression.LoginLogoutTC" name="initiatecap" time="11.249"/>
  <testcase classname="regression.LoginLogoutTC" name="LoginOnboardingLogoutTC" time="36.824"/>
  <testcase classname="regression.RegistrationTC" name="initiatecap" time="8.031"/>
  <testcase classname="regression.RegistrationTC" name="FullRegistrationTC" time="40.675"/>
  <testcase classname="regression.CreatorsClubTC" name="initiatecap" time="9.069"/>
  <testcase classname="regression.CreatorsClubTC" name="FullCreatorsClubTC" time="109.218"/>
</testsuite> <!-- Test -->
